<?xml version="1.0" encoding="UTF-8"?>
<!-- Generated by org.testng.reporters.JUnitReportReporter -->
<testsuite skipped="0" hostname="Fernandos-MacBook-Pro.local" name="com.appium.Test.NewTest" tests="1" failures="0" timestamp="01 Jun 2018 04:58:07 GMT" time="12.737" errors="0">
  <testcase name="TestCase3" time="12.737" classname="com.appium.Test.NewTest"/>
</testsuite> <!-- com.appium.Test.NewTest -->
